Determining if the pthread_create exist failed with the following output:
Change Dir: /home/juan/catkin_ws/build/imu_laser_catedra/CMakeFiles/CMakeTmp

Run Build Command:"/usr/bin/make" "cmTC_8beca/fast"
/usr/bin/make -f CMakeFiles/cmTC_8beca.dir/build.make CMakeFiles/cmTC_8beca.dir/build
make[1]: Entering directory '/home/juan/catkin_ws/build/imu_laser_catedra/CMakeFiles/CMakeTmp'
Building C object CMakeFiles/cmTC_8beca.dir/CheckSymbolExists.c.o
/usr/bin/cc     -o CMakeFiles/cmTC_8beca.dir/CheckSymbolExists.c.o   -c /home/juan/catkin_ws/build/imu_laser_catedra/CMakeFiles/CMakeTmp/CheckSymbolExists.c
Linking C executable cmTC_8beca
/usr/bin/cmake -E cmake_link_script CMakeFiles/cmTC_8beca.dir/link.txt --verbose=1
/usr/bin/cc       CMakeFiles/cmTC_8beca.dir/CheckSymbolExists.c.o  -o cmTC_8beca -rdynamic 
CMakeFiles/cmTC_8beca.dir/CheckSymbolExists.c.o: In function `main':
CheckSymbolExists.c:(.text+0x16): undefined reference to `pthread_create'
collect2: error: ld returned 1 exit status
CMakeFiles/cmTC_8beca.dir/build.make:97: recipe for target 'cmTC_8beca' failed
make[1]: *** [cmTC_8beca] Error 1
make[1]: Leaving directory '/home/juan/catkin_ws/build/imu_laser_catedra/CMakeFiles/CMakeTmp'
Makefile:126: recipe for target 'cmTC_8beca/fast' failed
make: *** [cmTC_8beca/fast] Error 2

File /home/juan/catkin_ws/build/imu_laser_catedra/CMakeFiles/CMakeTmp/CheckSymbolExists.c:
/* */
#include <pthread.h>

int main(int argc, char** argv)
{
  (void)argv;
#ifndef pthread_create
  return ((int*)(&pthread_create))[argc];
#else
  (void)argc;
  return 0;
#endif
}

Determining if the function pthread_create exists in the pthreads failed with the following output:
Change Dir: /home/juan/catkin_ws/build/imu_laser_catedra/CMakeFiles/CMakeTmp

Run Build Command:"/usr/bin/make" "cmTC_ac560/fast"
/usr/bin/make -f CMakeFiles/cmTC_ac560.dir/build.make CMakeFiles/cmTC_ac560.dir/build
make[1]: Entering directory '/home/juan/catkin_ws/build/imu_laser_catedra/CMakeFiles/CMakeTmp'
Building C object CMakeFiles/cmTC_ac560.dir/CheckFunctionExists.c.o
/usr/bin/cc    -DCHECK_FUNCTION_EXISTS=pthread_create   -o CMakeFiles/cmTC_ac560.dir/CheckFunctionExists.c.o   -c /usr/share/cmake-3.5/Modules/CheckFunctionExists.c
Linking C executable cmTC_ac560
/usr/bin/cmake -E cmake_link_script CMakeFiles/cmTC_ac560.dir/link.txt --verbose=1
/usr/bin/cc   -DCHECK_FUNCTION_EXISTS=pthread_create    CMakeFiles/cmTC_ac560.dir/CheckFunctionExists.c.o  -o cmTC_ac560 -rdynamic -lpthreads 
/usr/bin/ld: cannot find -lpthreads
collect2: error: ld returned 1 exit status
CMakeFiles/cmTC_ac560.dir/build.make:97: recipe for target 'cmTC_ac560' failed
make[1]: *** [cmTC_ac560] Error 1
make[1]: Leaving directory '/home/juan/catkin_ws/build/imu_laser_catedra/CMakeFiles/CMakeTmp'
Makefile:126: recipe for target 'cmTC_ac560/fast' failed
make: *** [cmTC_ac560/fast] Error 2


