Linked: (/home/juan/catkin_ws/devel/.private/robmovil_msgs_viejo/share/gennodejs/ros/robmovil_msgs_viejo/_index.js, /home/juan/catkin_ws/devel/share/gennodejs/ros/robmovil_msgs_viejo/_index.js)
Linked: (/home/juan/catkin_ws/devel/.private/robmovil_msgs_viejo/share/gennodejs/ros/robmovil_msgs_viejo/msg/_index.js, /home/juan/catkin_ws/devel/share/gennodejs/ros/robmovil_msgs_viejo/msg/_index.js)
Linked: (/home/juan/catkin_ws/devel/.private/robmovil_msgs_viejo/share/gennodejs/ros/robmovil_msgs_viejo/msg/TrajectoryPoint.js, /home/juan/catkin_ws/devel/share/gennodejs/ros/robmovil_msgs_viejo/msg/TrajectoryPoint.js)
Linked: (/home/juan/catkin_ws/devel/.private/robmovil_msgs_viejo/share/gennodejs/ros/robmovil_msgs_viejo/msg/EncoderTicks.js, /home/juan/catkin_ws/devel/share/gennodejs/ros/robmovil_msgs_viejo/msg/EncoderTicks.js)
Linked: (/home/juan/catkin_ws/devel/.private/robmovil_msgs_viejo/share/gennodejs/ros/robmovil_msgs_viejo/msg/Landmark.js, /home/juan/catkin_ws/devel/share/gennodejs/ros/robmovil_msgs_viejo/msg/Landmark.js)
Linked: (/home/juan/catkin_ws/devel/.private/robmovil_msgs_viejo/share/gennodejs/ros/robmovil_msgs_viejo/msg/LandmarkArray.js, /home/juan/catkin_ws/devel/share/gennodejs/ros/robmovil_msgs_viejo/msg/LandmarkArray.js)
Linked: (/home/juan/catkin_ws/devel/.private/robmovil_msgs_viejo/share/gennodejs/ros/robmovil_msgs_viejo/msg/Trajectory.js, /home/juan/catkin_ws/devel/share/gennodejs/ros/robmovil_msgs_viejo/msg/Trajectory.js)
Linked: (/home/juan/catkin_ws/devel/.private/robmovil_msgs_viejo/share/common-lisp/ros/robmovil_msgs_viejo/msg/_package_TrajectoryPoint.lisp, /home/juan/catkin_ws/devel/share/common-lisp/ros/robmovil_msgs_viejo/msg/_package_TrajectoryPoint.lisp)
Linked: (/home/juan/catkin_ws/devel/.private/robmovil_msgs_viejo/share/common-lisp/ros/robmovil_msgs_viejo/msg/EncoderTicks.lisp, /home/juan/catkin_ws/devel/share/common-lisp/ros/robmovil_msgs_viejo/msg/EncoderTicks.lisp)
Linked: (/home/juan/catkin_ws/devel/.private/robmovil_msgs_viejo/share/common-lisp/ros/robmovil_msgs_viejo/msg/TrajectoryPoint.lisp, /home/juan/catkin_ws/devel/share/common-lisp/ros/robmovil_msgs_viejo/msg/TrajectoryPoint.lisp)
Linked: (/home/juan/catkin_ws/devel/.private/robmovil_msgs_viejo/share/common-lisp/ros/robmovil_msgs_viejo/msg/Trajectory.lisp, /home/juan/catkin_ws/devel/share/common-lisp/ros/robmovil_msgs_viejo/msg/Trajectory.lisp)
Linked: (/home/juan/catkin_ws/devel/.private/robmovil_msgs_viejo/share/common-lisp/ros/robmovil_msgs_viejo/msg/_package_EncoderTicks.lisp, /home/juan/catkin_ws/devel/share/common-lisp/ros/robmovil_msgs_viejo/msg/_package_EncoderTicks.lisp)
Linked: (/home/juan/catkin_ws/devel/.private/robmovil_msgs_viejo/share/common-lisp/ros/robmovil_msgs_viejo/msg/_package_LandmarkArray.lisp, /home/juan/catkin_ws/devel/share/common-lisp/ros/robmovil_msgs_viejo/msg/_package_LandmarkArray.lisp)
Linked: (/home/juan/catkin_ws/devel/.private/robmovil_msgs_viejo/share/common-lisp/ros/robmovil_msgs_viejo/msg/robmovil_msgs_viejo-msg.asd, /home/juan/catkin_ws/devel/share/common-lisp/ros/robmovil_msgs_viejo/msg/robmovil_msgs_viejo-msg.asd)
Linked: (/home/juan/catkin_ws/devel/.private/robmovil_msgs_viejo/share/common-lisp/ros/robmovil_msgs_viejo/msg/_package_Landmark.lisp, /home/juan/catkin_ws/devel/share/common-lisp/ros/robmovil_msgs_viejo/msg/_package_Landmark.lisp)
Linked: (/home/juan/catkin_ws/devel/.private/robmovil_msgs_viejo/share/common-lisp/ros/robmovil_msgs_viejo/msg/LandmarkArray.lisp, /home/juan/catkin_ws/devel/share/common-lisp/ros/robmovil_msgs_viejo/msg/LandmarkArray.lisp)
Linked: (/home/juan/catkin_ws/devel/.private/robmovil_msgs_viejo/share/common-lisp/ros/robmovil_msgs_viejo/msg/_package.lisp, /home/juan/catkin_ws/devel/share/common-lisp/ros/robmovil_msgs_viejo/msg/_package.lisp)
Linked: (/home/juan/catkin_ws/devel/.private/robmovil_msgs_viejo/share/common-lisp/ros/robmovil_msgs_viejo/msg/_package_Trajectory.lisp, /home/juan/catkin_ws/devel/share/common-lisp/ros/robmovil_msgs_viejo/msg/_package_Trajectory.lisp)
Linked: (/home/juan/catkin_ws/devel/.private/robmovil_msgs_viejo/share/common-lisp/ros/robmovil_msgs_viejo/msg/Landmark.lisp, /home/juan/catkin_ws/devel/share/common-lisp/ros/robmovil_msgs_viejo/msg/Landmark.lisp)
Linked: (/home/juan/catkin_ws/devel/.private/robmovil_msgs_viejo/share/robmovil_msgs_viejo/cmake/robmovil_msgs_viejo-msg-extras.cmake, /home/juan/catkin_ws/devel/share/robmovil_msgs_viejo/cmake/robmovil_msgs_viejo-msg-extras.cmake)
Linked: (/home/juan/catkin_ws/devel/.private/robmovil_msgs_viejo/share/robmovil_msgs_viejo/cmake/robmovil_msgs_viejoConfig.cmake, /home/juan/catkin_ws/devel/share/robmovil_msgs_viejo/cmake/robmovil_msgs_viejoConfig.cmake)
Linked: (/home/juan/catkin_ws/devel/.private/robmovil_msgs_viejo/share/robmovil_msgs_viejo/cmake/robmovil_msgs_viejoConfig-version.cmake, /home/juan/catkin_ws/devel/share/robmovil_msgs_viejo/cmake/robmovil_msgs_viejoConfig-version.cmake)
Linked: (/home/juan/catkin_ws/devel/.private/robmovil_msgs_viejo/share/robmovil_msgs_viejo/cmake/robmovil_msgs_viejo-msg-paths.cmake, /home/juan/catkin_ws/devel/share/robmovil_msgs_viejo/cmake/robmovil_msgs_viejo-msg-paths.cmake)
Linked: (/home/juan/catkin_ws/devel/.private/robmovil_msgs_viejo/share/roseus/ros/robmovil_msgs_viejo/manifest.l, /home/juan/catkin_ws/devel/share/roseus/ros/robmovil_msgs_viejo/manifest.l)
Linked: (/home/juan/catkin_ws/devel/.private/robmovil_msgs_viejo/share/roseus/ros/robmovil_msgs_viejo/msg/Trajectory.l, /home/juan/catkin_ws/devel/share/roseus/ros/robmovil_msgs_viejo/msg/Trajectory.l)
Linked: (/home/juan/catkin_ws/devel/.private/robmovil_msgs_viejo/share/roseus/ros/robmovil_msgs_viejo/msg/TrajectoryPoint.l, /home/juan/catkin_ws/devel/share/roseus/ros/robmovil_msgs_viejo/msg/TrajectoryPoint.l)
Linked: (/home/juan/catkin_ws/devel/.private/robmovil_msgs_viejo/share/roseus/ros/robmovil_msgs_viejo/msg/EncoderTicks.l, /home/juan/catkin_ws/devel/share/roseus/ros/robmovil_msgs_viejo/msg/EncoderTicks.l)
Linked: (/home/juan/catkin_ws/devel/.private/robmovil_msgs_viejo/share/roseus/ros/robmovil_msgs_viejo/msg/LandmarkArray.l, /home/juan/catkin_ws/devel/share/roseus/ros/robmovil_msgs_viejo/msg/LandmarkArray.l)
Linked: (/home/juan/catkin_ws/devel/.private/robmovil_msgs_viejo/share/roseus/ros/robmovil_msgs_viejo/msg/Landmark.l, /home/juan/catkin_ws/devel/share/roseus/ros/robmovil_msgs_viejo/msg/Landmark.l)
Linked: (/home/juan/catkin_ws/devel/.private/robmovil_msgs_viejo/lib/pkgconfig/robmovil_msgs_viejo.pc, /home/juan/catkin_ws/devel/lib/pkgconfig/robmovil_msgs_viejo.pc)
Linked: (/home/juan/catkin_ws/devel/.private/robmovil_msgs_viejo/lib/python2.7/dist-packages/robmovil_msgs_viejo/__init__.py, /home/juan/catkin_ws/devel/lib/python2.7/dist-packages/robmovil_msgs_viejo/__init__.py)
Linked: (/home/juan/catkin_ws/devel/.private/robmovil_msgs_viejo/lib/python2.7/dist-packages/robmovil_msgs_viejo/msg/_Trajectory.py, /home/juan/catkin_ws/devel/lib/python2.7/dist-packages/robmovil_msgs_viejo/msg/_Trajectory.py)
Linked: (/home/juan/catkin_ws/devel/.private/robmovil_msgs_viejo/lib/python2.7/dist-packages/robmovil_msgs_viejo/msg/_Landmark.py, /home/juan/catkin_ws/devel/lib/python2.7/dist-packages/robmovil_msgs_viejo/msg/_Landmark.py)
Linked: (/home/juan/catkin_ws/devel/.private/robmovil_msgs_viejo/lib/python2.7/dist-packages/robmovil_msgs_viejo/msg/__init__.py, /home/juan/catkin_ws/devel/lib/python2.7/dist-packages/robmovil_msgs_viejo/msg/__init__.py)
Linked: (/home/juan/catkin_ws/devel/.private/robmovil_msgs_viejo/lib/python2.7/dist-packages/robmovil_msgs_viejo/msg/_EncoderTicks.py, /home/juan/catkin_ws/devel/lib/python2.7/dist-packages/robmovil_msgs_viejo/msg/_EncoderTicks.py)
Linked: (/home/juan/catkin_ws/devel/.private/robmovil_msgs_viejo/lib/python2.7/dist-packages/robmovil_msgs_viejo/msg/_TrajectoryPoint.py, /home/juan/catkin_ws/devel/lib/python2.7/dist-packages/robmovil_msgs_viejo/msg/_TrajectoryPoint.py)
Linked: (/home/juan/catkin_ws/devel/.private/robmovil_msgs_viejo/lib/python2.7/dist-packages/robmovil_msgs_viejo/msg/_LandmarkArray.py, /home/juan/catkin_ws/devel/lib/python2.7/dist-packages/robmovil_msgs_viejo/msg/_LandmarkArray.py)
Linked: (/home/juan/catkin_ws/devel/.private/robmovil_msgs_viejo/include/robmovil_msgs_viejo/LandmarkArray.h, /home/juan/catkin_ws/devel/include/robmovil_msgs_viejo/LandmarkArray.h)
Linked: (/home/juan/catkin_ws/devel/.private/robmovil_msgs_viejo/include/robmovil_msgs_viejo/EncoderTicks.h, /home/juan/catkin_ws/devel/include/robmovil_msgs_viejo/EncoderTicks.h)
Linked: (/home/juan/catkin_ws/devel/.private/robmovil_msgs_viejo/include/robmovil_msgs_viejo/Trajectory.h, /home/juan/catkin_ws/devel/include/robmovil_msgs_viejo/Trajectory.h)
Linked: (/home/juan/catkin_ws/devel/.private/robmovil_msgs_viejo/include/robmovil_msgs_viejo/Landmark.h, /home/juan/catkin_ws/devel/include/robmovil_msgs_viejo/Landmark.h)
Linked: (/home/juan/catkin_ws/devel/.private/robmovil_msgs_viejo/include/robmovil_msgs_viejo/TrajectoryPoint.h, /home/juan/catkin_ws/devel/include/robmovil_msgs_viejo/TrajectoryPoint.h)
