[35m[1mScanning dependencies of target _robmovil_msgs_viejo_generate_messages_check_deps_LandmarkArray[0m
[  0%] Built target _robmovil_msgs_viejo_generate_messages_check_deps_LandmarkArray
[35m[1mScanning dependencies of target _robmovil_msgs_viejo_generate_messages_check_deps_EncoderTicks[0m
[  0%] Built target _robmovil_msgs_viejo_generate_messages_check_deps_EncoderTicks
[35m[1mScanning dependencies of target geometry_msgs_generate_messages_cpp[0m
[35m[1mScanning dependencies of target std_msgs_generate_messages_cpp[0m
[  0%] Built target geometry_msgs_generate_messages_cpp
[  0%] Built target std_msgs_generate_messages_cpp
[35m[1mScanning dependencies of target _robmovil_msgs_viejo_generate_messages_check_deps_TrajectoryPoint[0m
[  0%] Built target _robmovil_msgs_viejo_generate_messages_check_deps_TrajectoryPoint
[35m[1mScanning dependencies of target _robmovil_msgs_viejo_generate_messages_check_deps_Trajectory[0m
[  0%] Built target _robmovil_msgs_viejo_generate_messages_check_deps_Trajectory
[35m[1mScanning dependencies of target _robmovil_msgs_viejo_generate_messages_check_deps_Landmark[0m
[  0%] Built target _robmovil_msgs_viejo_generate_messages_check_deps_Landmark
[35m[1mScanning dependencies of target geometry_msgs_generate_messages_py[0m
[  0%] Built target geometry_msgs_generate_messages_py
[35m[1mScanning dependencies of target std_msgs_generate_messages_py[0m
[  0%] Built target std_msgs_generate_messages_py
[35m[1mScanning dependencies of target geometry_msgs_generate_messages_nodejs[0m
[  0%] Built target geometry_msgs_generate_messages_nodejs
[35m[1mScanning dependencies of target std_msgs_generate_messages_nodejs[0m
[  0%] Built target std_msgs_generate_messages_nodejs
[35m[1mScanning dependencies of target geometry_msgs_generate_messages_lisp[0m
[  0%] Built target geometry_msgs_generate_messages_lisp
[35m[1mScanning dependencies of target std_msgs_generate_messages_lisp[0m
[  0%] Built target std_msgs_generate_messages_lisp
[35m[1mScanning dependencies of target std_msgs_generate_messages_eus[0m
[  0%] Built target std_msgs_generate_messages_eus
[35m[1mScanning dependencies of target geometry_msgs_generate_messages_eus[0m
[  0%] Built target geometry_msgs_generate_messages_eus
[35m[1mScanning dependencies of target robmovil_msgs_viejo_generate_messages_cpp[0m
[  3%] [34m[1mGenerating C++ code from robmovil_msgs_viejo/TrajectoryPoint.msg[0m
[  7%] [34m[1mGenerating C++ code from robmovil_msgs_viejo/EncoderTicks.msg[0m
[35m[1mScanning dependencies of target robmovil_msgs_viejo_generate_messages_py[0m
[ 11%] [34m[1mGenerating Python from MSG robmovil_msgs_viejo/TrajectoryPoint[0m
[ 14%] [34m[1mGenerating C++ code from robmovil_msgs_viejo/Trajectory.msg[0m
[ 18%] [34m[1mGenerating Python from MSG robmovil_msgs_viejo/EncoderTicks[0m
[ 22%] [34m[1mGenerating C++ code from robmovil_msgs_viejo/Landmark.msg[0m
[ 25%] [34m[1mGenerating Python from MSG robmovil_msgs_viejo/Trajectory[0m
[ 29%] [34m[1mGenerating Python from MSG robmovil_msgs_viejo/Landmark[0m
[ 33%] [34m[1mGenerating C++ code from robmovil_msgs_viejo/LandmarkArray.msg[0m
[ 37%] [34m[1mGenerating Python from MSG robmovil_msgs_viejo/LandmarkArray[0m
[ 37%] Built target robmovil_msgs_viejo_generate_messages_cpp
[35m[1mScanning dependencies of target robmovil_msgs_viejo_generate_messages_nodejs[0m
[ 40%] [34m[1mGenerating Javascript code from robmovil_msgs_viejo/TrajectoryPoint.msg[0m
[ 44%] [34m[1mGenerating Javascript code from robmovil_msgs_viejo/EncoderTicks.msg[0m
[ 48%] [34m[1mGenerating Javascript code from robmovil_msgs_viejo/Trajectory.msg[0m
[35m[1mScanning dependencies of target robmovil_msgs_viejo_generate_messages_lisp[0m
[ 51%] [34m[1mGenerating Python msg __init__.py for robmovil_msgs_viejo[0m
[ 55%] [34m[1mGenerating Lisp code from robmovil_msgs_viejo/TrajectoryPoint.msg[0m
[ 59%] [34m[1mGenerating Lisp code from robmovil_msgs_viejo/EncoderTicks.msg[0m
[ 62%] [34m[1mGenerating Lisp code from robmovil_msgs_viejo/Trajectory.msg[0m
[ 62%] Built target robmovil_msgs_viejo_generate_messages_py
[ 66%] [34m[1mGenerating Lisp code from robmovil_msgs_viejo/Landmark.msg[0m
[ 70%] [34m[1mGenerating Lisp code from robmovil_msgs_viejo/LandmarkArray.msg[0m
[35m[1mScanning dependencies of target robmovil_msgs_viejo_generate_messages_eus[0m
[ 74%] [34m[1mGenerating EusLisp code from robmovil_msgs_viejo/TrajectoryPoint.msg[0m
[ 77%] [34m[1mGenerating EusLisp code from robmovil_msgs_viejo/EncoderTicks.msg[0m
[ 81%] [34m[1mGenerating EusLisp code from robmovil_msgs_viejo/Trajectory.msg[0m
[ 85%] [34m[1mGenerating EusLisp code from robmovil_msgs_viejo/Landmark.msg[0m
[ 88%] [34m[1mGenerating EusLisp code from robmovil_msgs_viejo/LandmarkArray.msg[0m
[ 92%] [34m[1mGenerating EusLisp manifest code for robmovil_msgs_viejo[0m
[ 96%] [34m[1mGenerating Javascript code from robmovil_msgs_viejo/Landmark.msg[0m
[100%] [34m[1mGenerating Javascript code from robmovil_msgs_viejo/LandmarkArray.msg[0m
[100%] Built target robmovil_msgs_viejo_generate_messages_eus
[100%] Built target robmovil_msgs_viejo_generate_messages_lisp
[100%] Built target robmovil_msgs_viejo_generate_messages_nodejs
[35m[1mScanning dependencies of target robmovil_msgs_viejo_generate_messages[0m
[100%] Built target robmovil_msgs_viejo_generate_messages
