Symlinking /home/juan/catkin_ws/devel/share/gennodejs/ros/robmovil_msgs_viejo/_index.js
Symlinking /home/juan/catkin_ws/devel/share/gennodejs/ros/robmovil_msgs_viejo/msg/_index.js
Symlinking /home/juan/catkin_ws/devel/share/gennodejs/ros/robmovil_msgs_viejo/msg/TrajectoryPoint.js
Symlinking /home/juan/catkin_ws/devel/share/gennodejs/ros/robmovil_msgs_viejo/msg/EncoderTicks.js
Symlinking /home/juan/catkin_ws/devel/share/gennodejs/ros/robmovil_msgs_viejo/msg/Landmark.js
Symlinking /home/juan/catkin_ws/devel/share/gennodejs/ros/robmovil_msgs_viejo/msg/LandmarkArray.js
Symlinking /home/juan/catkin_ws/devel/share/gennodejs/ros/robmovil_msgs_viejo/msg/Trajectory.js
Symlinking /home/juan/catkin_ws/devel/share/common-lisp/ros/robmovil_msgs_viejo/msg/_package_TrajectoryPoint.lisp
Symlinking /home/juan/catkin_ws/devel/share/common-lisp/ros/robmovil_msgs_viejo/msg/EncoderTicks.lisp
Symlinking /home/juan/catkin_ws/devel/share/common-lisp/ros/robmovil_msgs_viejo/msg/TrajectoryPoint.lisp
Symlinking /home/juan/catkin_ws/devel/share/common-lisp/ros/robmovil_msgs_viejo/msg/Trajectory.lisp
Symlinking /home/juan/catkin_ws/devel/share/common-lisp/ros/robmovil_msgs_viejo/msg/_package_EncoderTicks.lisp
Symlinking /home/juan/catkin_ws/devel/share/common-lisp/ros/robmovil_msgs_viejo/msg/_package_LandmarkArray.lisp
Symlinking /home/juan/catkin_ws/devel/share/common-lisp/ros/robmovil_msgs_viejo/msg/robmovil_msgs_viejo-msg.asd
Symlinking /home/juan/catkin_ws/devel/share/common-lisp/ros/robmovil_msgs_viejo/msg/_package_Landmark.lisp
Symlinking /home/juan/catkin_ws/devel/share/common-lisp/ros/robmovil_msgs_viejo/msg/LandmarkArray.lisp
Symlinking /home/juan/catkin_ws/devel/share/common-lisp/ros/robmovil_msgs_viejo/msg/_package.lisp
Symlinking /home/juan/catkin_ws/devel/share/common-lisp/ros/robmovil_msgs_viejo/msg/_package_Trajectory.lisp
Symlinking /home/juan/catkin_ws/devel/share/common-lisp/ros/robmovil_msgs_viejo/msg/Landmark.lisp
Symlinking /home/juan/catkin_ws/devel/share/robmovil_msgs_viejo/cmake/robmovil_msgs_viejo-msg-extras.cmake
Symlinking /home/juan/catkin_ws/devel/share/robmovil_msgs_viejo/cmake/robmovil_msgs_viejoConfig.cmake
Symlinking /home/juan/catkin_ws/devel/share/robmovil_msgs_viejo/cmake/robmovil_msgs_viejoConfig-version.cmake
Symlinking /home/juan/catkin_ws/devel/share/robmovil_msgs_viejo/cmake/robmovil_msgs_viejo-msg-paths.cmake
Symlinking /home/juan/catkin_ws/devel/share/roseus/ros/robmovil_msgs_viejo/manifest.l
Symlinking /home/juan/catkin_ws/devel/share/roseus/ros/robmovil_msgs_viejo/msg/Trajectory.l
Symlinking /home/juan/catkin_ws/devel/share/roseus/ros/robmovil_msgs_viejo/msg/TrajectoryPoint.l
Symlinking /home/juan/catkin_ws/devel/share/roseus/ros/robmovil_msgs_viejo/msg/EncoderTicks.l
Symlinking /home/juan/catkin_ws/devel/share/roseus/ros/robmovil_msgs_viejo/msg/LandmarkArray.l
Symlinking /home/juan/catkin_ws/devel/share/roseus/ros/robmovil_msgs_viejo/msg/Landmark.l
Symlinking /home/juan/catkin_ws/devel/lib/pkgconfig/robmovil_msgs_viejo.pc
Symlinking /home/juan/catkin_ws/devel/lib/python2.7/dist-packages/robmovil_msgs_viejo/__init__.py
Symlinking /home/juan/catkin_ws/devel/lib/python2.7/dist-packages/robmovil_msgs_viejo/msg/_Trajectory.py
Symlinking /home/juan/catkin_ws/devel/lib/python2.7/dist-packages/robmovil_msgs_viejo/msg/_Landmark.py
Symlinking /home/juan/catkin_ws/devel/lib/python2.7/dist-packages/robmovil_msgs_viejo/msg/__init__.py
Symlinking /home/juan/catkin_ws/devel/lib/python2.7/dist-packages/robmovil_msgs_viejo/msg/_EncoderTicks.py
Symlinking /home/juan/catkin_ws/devel/lib/python2.7/dist-packages/robmovil_msgs_viejo/msg/_TrajectoryPoint.py
Symlinking /home/juan/catkin_ws/devel/lib/python2.7/dist-packages/robmovil_msgs_viejo/msg/_LandmarkArray.py
Symlinking /home/juan/catkin_ws/devel/include/robmovil_msgs_viejo/LandmarkArray.h
Symlinking /home/juan/catkin_ws/devel/include/robmovil_msgs_viejo/EncoderTicks.h
Symlinking /home/juan/catkin_ws/devel/include/robmovil_msgs_viejo/Trajectory.h
Symlinking /home/juan/catkin_ws/devel/include/robmovil_msgs_viejo/Landmark.h
Symlinking /home/juan/catkin_ws/devel/include/robmovil_msgs_viejo/TrajectoryPoint.h
