Determining if the pthread_create exist failed with the following output:
Change Dir: /home/juan/catkin_ws/build/astar_planning/CMakeFiles/CMakeTmp

Run Build Command:"/usr/bin/make" "cmTC_f4bc0/fast"
/usr/bin/make -f CMakeFiles/cmTC_f4bc0.dir/build.make CMakeFiles/cmTC_f4bc0.dir/build
make[1]: Entering directory '/home/juan/catkin_ws/build/astar_planning/CMakeFiles/CMakeTmp'
Building C object CMakeFiles/cmTC_f4bc0.dir/CheckSymbolExists.c.o
/usr/bin/cc     -o CMakeFiles/cmTC_f4bc0.dir/CheckSymbolExists.c.o   -c /home/juan/catkin_ws/build/astar_planning/CMakeFiles/CMakeTmp/CheckSymbolExists.c
Linking C executable cmTC_f4bc0
/usr/bin/cmake -E cmake_link_script CMakeFiles/cmTC_f4bc0.dir/link.txt --verbose=1
/usr/bin/cc       CMakeFiles/cmTC_f4bc0.dir/CheckSymbolExists.c.o  -o cmTC_f4bc0 -rdynamic 
CMakeFiles/cmTC_f4bc0.dir/CheckSymbolExists.c.o: In function `main':
CheckSymbolExists.c:(.text+0x16): undefined reference to `pthread_create'
collect2: error: ld returned 1 exit status
CMakeFiles/cmTC_f4bc0.dir/build.make:97: recipe for target 'cmTC_f4bc0' failed
make[1]: *** [cmTC_f4bc0] Error 1
make[1]: Leaving directory '/home/juan/catkin_ws/build/astar_planning/CMakeFiles/CMakeTmp'
Makefile:126: recipe for target 'cmTC_f4bc0/fast' failed
make: *** [cmTC_f4bc0/fast] Error 2

File /home/juan/catkin_ws/build/astar_planning/CMakeFiles/CMakeTmp/CheckSymbolExists.c:
/* */
#include <pthread.h>

int main(int argc, char** argv)
{
  (void)argv;
#ifndef pthread_create
  return ((int*)(&pthread_create))[argc];
#else
  (void)argc;
  return 0;
#endif
}

Determining if the function pthread_create exists in the pthreads failed with the following output:
Change Dir: /home/juan/catkin_ws/build/astar_planning/CMakeFiles/CMakeTmp

Run Build Command:"/usr/bin/make" "cmTC_86e5f/fast"
/usr/bin/make -f CMakeFiles/cmTC_86e5f.dir/build.make CMakeFiles/cmTC_86e5f.dir/build
make[1]: Entering directory '/home/juan/catkin_ws/build/astar_planning/CMakeFiles/CMakeTmp'
Building C object CMakeFiles/cmTC_86e5f.dir/CheckFunctionExists.c.o
/usr/bin/cc    -DCHECK_FUNCTION_EXISTS=pthread_create   -o CMakeFiles/cmTC_86e5f.dir/CheckFunctionExists.c.o   -c /usr/share/cmake-3.5/Modules/CheckFunctionExists.c
Linking C executable cmTC_86e5f
/usr/bin/cmake -E cmake_link_script CMakeFiles/cmTC_86e5f.dir/link.txt --verbose=1
/usr/bin/cc   -DCHECK_FUNCTION_EXISTS=pthread_create    CMakeFiles/cmTC_86e5f.dir/CheckFunctionExists.c.o  -o cmTC_86e5f -rdynamic -lpthreads 
/usr/bin/ld: cannot find -lpthreads
collect2: error: ld returned 1 exit status
CMakeFiles/cmTC_86e5f.dir/build.make:97: recipe for target 'cmTC_86e5f' failed
make[1]: *** [cmTC_86e5f] Error 1
make[1]: Leaving directory '/home/juan/catkin_ws/build/astar_planning/CMakeFiles/CMakeTmp'
Makefile:126: recipe for target 'cmTC_86e5f/fast' failed
make: *** [cmTC_86e5f/fast] Error 2


