Linked: (/home/juan/catkin_ws/devel/.private/universal_teleop/share/gennodejs/ros/universal_teleop/_index.js, /home/juan/catkin_ws/devel/share/gennodejs/ros/universal_teleop/_index.js)
Linked: (/home/juan/catkin_ws/devel/.private/universal_teleop/share/gennodejs/ros/universal_teleop/msg/_index.js, /home/juan/catkin_ws/devel/share/gennodejs/ros/universal_teleop/msg/_index.js)
Linked: (/home/juan/catkin_ws/devel/.private/universal_teleop/share/gennodejs/ros/universal_teleop/msg/Control.js, /home/juan/catkin_ws/devel/share/gennodejs/ros/universal_teleop/msg/Control.js)
Linked: (/home/juan/catkin_ws/devel/.private/universal_teleop/share/gennodejs/ros/universal_teleop/msg/Event.js, /home/juan/catkin_ws/devel/share/gennodejs/ros/universal_teleop/msg/Event.js)
Linked: (/home/juan/catkin_ws/devel/.private/universal_teleop/share/common-lisp/ros/universal_teleop/msg/_package_Control.lisp, /home/juan/catkin_ws/devel/share/common-lisp/ros/universal_teleop/msg/_package_Control.lisp)
Linked: (/home/juan/catkin_ws/devel/.private/universal_teleop/share/common-lisp/ros/universal_teleop/msg/Event.lisp, /home/juan/catkin_ws/devel/share/common-lisp/ros/universal_teleop/msg/Event.lisp)
Linked: (/home/juan/catkin_ws/devel/.private/universal_teleop/share/common-lisp/ros/universal_teleop/msg/_package.lisp, /home/juan/catkin_ws/devel/share/common-lisp/ros/universal_teleop/msg/_package.lisp)
Linked: (/home/juan/catkin_ws/devel/.private/universal_teleop/share/common-lisp/ros/universal_teleop/msg/universal_teleop-msg.asd, /home/juan/catkin_ws/devel/share/common-lisp/ros/universal_teleop/msg/universal_teleop-msg.asd)
Linked: (/home/juan/catkin_ws/devel/.private/universal_teleop/share/common-lisp/ros/universal_teleop/msg/Control.lisp, /home/juan/catkin_ws/devel/share/common-lisp/ros/universal_teleop/msg/Control.lisp)
Linked: (/home/juan/catkin_ws/devel/.private/universal_teleop/share/common-lisp/ros/universal_teleop/msg/_package_Event.lisp, /home/juan/catkin_ws/devel/share/common-lisp/ros/universal_teleop/msg/_package_Event.lisp)
Linked: (/home/juan/catkin_ws/devel/.private/universal_teleop/share/roseus/ros/universal_teleop/manifest.l, /home/juan/catkin_ws/devel/share/roseus/ros/universal_teleop/manifest.l)
Linked: (/home/juan/catkin_ws/devel/.private/universal_teleop/share/roseus/ros/universal_teleop/msg/Event.l, /home/juan/catkin_ws/devel/share/roseus/ros/universal_teleop/msg/Event.l)
Linked: (/home/juan/catkin_ws/devel/.private/universal_teleop/share/roseus/ros/universal_teleop/msg/Control.l, /home/juan/catkin_ws/devel/share/roseus/ros/universal_teleop/msg/Control.l)
Linked: (/home/juan/catkin_ws/devel/.private/universal_teleop/share/universal_teleop/cmake/universal_teleopConfig.cmake, /home/juan/catkin_ws/devel/share/universal_teleop/cmake/universal_teleopConfig.cmake)
Linked: (/home/juan/catkin_ws/devel/.private/universal_teleop/share/universal_teleop/cmake/universal_teleop-msg-extras.cmake, /home/juan/catkin_ws/devel/share/universal_teleop/cmake/universal_teleop-msg-extras.cmake)
Linked: (/home/juan/catkin_ws/devel/.private/universal_teleop/share/universal_teleop/cmake/universal_teleopConfig-version.cmake, /home/juan/catkin_ws/devel/share/universal_teleop/cmake/universal_teleopConfig-version.cmake)
Linked: (/home/juan/catkin_ws/devel/.private/universal_teleop/share/universal_teleop/cmake/universal_teleop-msg-paths.cmake, /home/juan/catkin_ws/devel/share/universal_teleop/cmake/universal_teleop-msg-paths.cmake)
Linked: (/home/juan/catkin_ws/devel/.private/universal_teleop/lib/pkgconfig/universal_teleop.pc, /home/juan/catkin_ws/devel/lib/pkgconfig/universal_teleop.pc)
Linked: (/home/juan/catkin_ws/devel/.private/universal_teleop/lib/universal_teleop/universal_teleop, /home/juan/catkin_ws/devel/lib/universal_teleop/universal_teleop)
Linked: (/home/juan/catkin_ws/devel/.private/universal_teleop/lib/python2.7/dist-packages/universal_teleop/__init__.py, /home/juan/catkin_ws/devel/lib/python2.7/dist-packages/universal_teleop/__init__.py)
Linked: (/home/juan/catkin_ws/devel/.private/universal_teleop/lib/python2.7/dist-packages/universal_teleop/msg/_Control.py, /home/juan/catkin_ws/devel/lib/python2.7/dist-packages/universal_teleop/msg/_Control.py)
Linked: (/home/juan/catkin_ws/devel/.private/universal_teleop/lib/python2.7/dist-packages/universal_teleop/msg/__init__.py, /home/juan/catkin_ws/devel/lib/python2.7/dist-packages/universal_teleop/msg/__init__.py)
Linked: (/home/juan/catkin_ws/devel/.private/universal_teleop/lib/python2.7/dist-packages/universal_teleop/msg/_Event.py, /home/juan/catkin_ws/devel/lib/python2.7/dist-packages/universal_teleop/msg/_Event.py)
Linked: (/home/juan/catkin_ws/devel/.private/universal_teleop/include/universal_teleop/Event.h, /home/juan/catkin_ws/devel/include/universal_teleop/Event.h)
Linked: (/home/juan/catkin_ws/devel/.private/universal_teleop/include/universal_teleop/Control.h, /home/juan/catkin_ws/devel/include/universal_teleop/Control.h)
