Symlinking /home/juan/catkin_ws/devel/share/gennodejs/ros/universal_teleop/_index.js
Symlinking /home/juan/catkin_ws/devel/share/gennodejs/ros/universal_teleop/msg/_index.js
Symlinking /home/juan/catkin_ws/devel/share/gennodejs/ros/universal_teleop/msg/Control.js
Symlinking /home/juan/catkin_ws/devel/share/gennodejs/ros/universal_teleop/msg/Event.js
Symlinking /home/juan/catkin_ws/devel/share/common-lisp/ros/universal_teleop/msg/_package_Control.lisp
Symlinking /home/juan/catkin_ws/devel/share/common-lisp/ros/universal_teleop/msg/Event.lisp
Symlinking /home/juan/catkin_ws/devel/share/common-lisp/ros/universal_teleop/msg/_package.lisp
Symlinking /home/juan/catkin_ws/devel/share/common-lisp/ros/universal_teleop/msg/universal_teleop-msg.asd
Symlinking /home/juan/catkin_ws/devel/share/common-lisp/ros/universal_teleop/msg/Control.lisp
Symlinking /home/juan/catkin_ws/devel/share/common-lisp/ros/universal_teleop/msg/_package_Event.lisp
Symlinking /home/juan/catkin_ws/devel/share/roseus/ros/universal_teleop/manifest.l
Symlinking /home/juan/catkin_ws/devel/share/roseus/ros/universal_teleop/msg/Event.l
Symlinking /home/juan/catkin_ws/devel/share/roseus/ros/universal_teleop/msg/Control.l
Symlinking /home/juan/catkin_ws/devel/share/universal_teleop/cmake/universal_teleopConfig.cmake
Symlinking /home/juan/catkin_ws/devel/share/universal_teleop/cmake/universal_teleop-msg-extras.cmake
Symlinking /home/juan/catkin_ws/devel/share/universal_teleop/cmake/universal_teleopConfig-version.cmake
Symlinking /home/juan/catkin_ws/devel/share/universal_teleop/cmake/universal_teleop-msg-paths.cmake
Symlinking /home/juan/catkin_ws/devel/lib/pkgconfig/universal_teleop.pc
Symlinking /home/juan/catkin_ws/devel/lib/universal_teleop/universal_teleop
Symlinking /home/juan/catkin_ws/devel/lib/python2.7/dist-packages/universal_teleop/__init__.py
Symlinking /home/juan/catkin_ws/devel/lib/python2.7/dist-packages/universal_teleop/msg/_Control.py
Symlinking /home/juan/catkin_ws/devel/lib/python2.7/dist-packages/universal_teleop/msg/__init__.py
Symlinking /home/juan/catkin_ws/devel/lib/python2.7/dist-packages/universal_teleop/msg/_Event.py
Symlinking /home/juan/catkin_ws/devel/include/universal_teleop/Event.h
Symlinking /home/juan/catkin_ws/devel/include/universal_teleop/Control.h
