Determining if the pthread_create exist failed with the following output:
Change Dir: /home/juan/catkin_ws/build/imu_laser/CMakeFiles/CMakeTmp

Run Build Command:"/usr/bin/make" "cmTC_7e765/fast"
/usr/bin/make -f CMakeFiles/cmTC_7e765.dir/build.make CMakeFiles/cmTC_7e765.dir/build
make[1]: Entering directory '/home/juan/catkin_ws/build/imu_laser/CMakeFiles/CMakeTmp'
Building C object CMakeFiles/cmTC_7e765.dir/CheckSymbolExists.c.o
/usr/bin/cc     -o CMakeFiles/cmTC_7e765.dir/CheckSymbolExists.c.o   -c /home/juan/catkin_ws/build/imu_laser/CMakeFiles/CMakeTmp/CheckSymbolExists.c
Linking C executable cmTC_7e765
/usr/bin/cmake -E cmake_link_script CMakeFiles/cmTC_7e765.dir/link.txt --verbose=1
/usr/bin/cc       CMakeFiles/cmTC_7e765.dir/CheckSymbolExists.c.o  -o cmTC_7e765 -rdynamic 
CMakeFiles/cmTC_7e765.dir/CheckSymbolExists.c.o: In function `main':
CheckSymbolExists.c:(.text+0x16): undefined reference to `pthread_create'
collect2: error: ld returned 1 exit status
CMakeFiles/cmTC_7e765.dir/build.make:97: recipe for target 'cmTC_7e765' failed
make[1]: *** [cmTC_7e765] Error 1
make[1]: Leaving directory '/home/juan/catkin_ws/build/imu_laser/CMakeFiles/CMakeTmp'
Makefile:126: recipe for target 'cmTC_7e765/fast' failed
make: *** [cmTC_7e765/fast] Error 2

File /home/juan/catkin_ws/build/imu_laser/CMakeFiles/CMakeTmp/CheckSymbolExists.c:
/* */
#include <pthread.h>

int main(int argc, char** argv)
{
  (void)argv;
#ifndef pthread_create
  return ((int*)(&pthread_create))[argc];
#else
  (void)argc;
  return 0;
#endif
}

Determining if the function pthread_create exists in the pthreads failed with the following output:
Change Dir: /home/juan/catkin_ws/build/imu_laser/CMakeFiles/CMakeTmp

Run Build Command:"/usr/bin/make" "cmTC_28b58/fast"
/usr/bin/make -f CMakeFiles/cmTC_28b58.dir/build.make CMakeFiles/cmTC_28b58.dir/build
make[1]: Entering directory '/home/juan/catkin_ws/build/imu_laser/CMakeFiles/CMakeTmp'
Building C object CMakeFiles/cmTC_28b58.dir/CheckFunctionExists.c.o
/usr/bin/cc    -DCHECK_FUNCTION_EXISTS=pthread_create   -o CMakeFiles/cmTC_28b58.dir/CheckFunctionExists.c.o   -c /usr/share/cmake-3.5/Modules/CheckFunctionExists.c
Linking C executable cmTC_28b58
/usr/bin/cmake -E cmake_link_script CMakeFiles/cmTC_28b58.dir/link.txt --verbose=1
/usr/bin/cc   -DCHECK_FUNCTION_EXISTS=pthread_create    CMakeFiles/cmTC_28b58.dir/CheckFunctionExists.c.o  -o cmTC_28b58 -rdynamic -lpthreads 
/usr/bin/ld: cannot find -lpthreads
collect2: error: ld returned 1 exit status
CMakeFiles/cmTC_28b58.dir/build.make:97: recipe for target 'cmTC_28b58' failed
make[1]: *** [cmTC_28b58] Error 1
make[1]: Leaving directory '/home/juan/catkin_ws/build/imu_laser/CMakeFiles/CMakeTmp'
Makefile:126: recipe for target 'cmTC_28b58/fast' failed
make: *** [cmTC_28b58/fast] Error 2


