Determining if the pthread_create exist failed with the following output:
Change Dir: /home/juan/catkin_ws/build/lazo_cerrado/CMakeFiles/CMakeTmp

Run Build Command:"/usr/bin/make" "cmTC_67c6e/fast"
/usr/bin/make -f CMakeFiles/cmTC_67c6e.dir/build.make CMakeFiles/cmTC_67c6e.dir/build
make[1]: Entering directory '/home/juan/catkin_ws/build/lazo_cerrado/CMakeFiles/CMakeTmp'
Building C object CMakeFiles/cmTC_67c6e.dir/CheckSymbolExists.c.o
/usr/bin/cc     -o CMakeFiles/cmTC_67c6e.dir/CheckSymbolExists.c.o   -c /home/juan/catkin_ws/build/lazo_cerrado/CMakeFiles/CMakeTmp/CheckSymbolExists.c
Linking C executable cmTC_67c6e
/usr/bin/cmake -E cmake_link_script CMakeFiles/cmTC_67c6e.dir/link.txt --verbose=1
/usr/bin/cc       CMakeFiles/cmTC_67c6e.dir/CheckSymbolExists.c.o  -o cmTC_67c6e -rdynamic 
CMakeFiles/cmTC_67c6e.dir/CheckSymbolExists.c.o: In function `main':
CheckSymbolExists.c:(.text+0x16): undefined reference to `pthread_create'
collect2: error: ld returned 1 exit status
CMakeFiles/cmTC_67c6e.dir/build.make:97: recipe for target 'cmTC_67c6e' failed
make[1]: *** [cmTC_67c6e] Error 1
make[1]: Leaving directory '/home/juan/catkin_ws/build/lazo_cerrado/CMakeFiles/CMakeTmp'
Makefile:126: recipe for target 'cmTC_67c6e/fast' failed
make: *** [cmTC_67c6e/fast] Error 2

File /home/juan/catkin_ws/build/lazo_cerrado/CMakeFiles/CMakeTmp/CheckSymbolExists.c:
/* */
#include <pthread.h>

int main(int argc, char** argv)
{
  (void)argv;
#ifndef pthread_create
  return ((int*)(&pthread_create))[argc];
#else
  (void)argc;
  return 0;
#endif
}

Determining if the function pthread_create exists in the pthreads failed with the following output:
Change Dir: /home/juan/catkin_ws/build/lazo_cerrado/CMakeFiles/CMakeTmp

Run Build Command:"/usr/bin/make" "cmTC_edfee/fast"
/usr/bin/make -f CMakeFiles/cmTC_edfee.dir/build.make CMakeFiles/cmTC_edfee.dir/build
make[1]: Entering directory '/home/juan/catkin_ws/build/lazo_cerrado/CMakeFiles/CMakeTmp'
Building C object CMakeFiles/cmTC_edfee.dir/CheckFunctionExists.c.o
/usr/bin/cc    -DCHECK_FUNCTION_EXISTS=pthread_create   -o CMakeFiles/cmTC_edfee.dir/CheckFunctionExists.c.o   -c /usr/share/cmake-3.5/Modules/CheckFunctionExists.c
Linking C executable cmTC_edfee
/usr/bin/cmake -E cmake_link_script CMakeFiles/cmTC_edfee.dir/link.txt --verbose=1
/usr/bin/cc   -DCHECK_FUNCTION_EXISTS=pthread_create    CMakeFiles/cmTC_edfee.dir/CheckFunctionExists.c.o  -o cmTC_edfee -rdynamic -lpthreads 
/usr/bin/ld: cannot find -lpthreads
collect2: error: ld returned 1 exit status
CMakeFiles/cmTC_edfee.dir/build.make:97: recipe for target 'cmTC_edfee' failed
make[1]: *** [cmTC_edfee] Error 1
make[1]: Leaving directory '/home/juan/catkin_ws/build/lazo_cerrado/CMakeFiles/CMakeTmp'
Makefile:126: recipe for target 'cmTC_edfee/fast' failed
make: *** [cmTC_edfee/fast] Error 2


