[35m[1mScanning dependencies of target _robmovil_msgs_generate_messages_check_deps_Trajectory[0m
[35m[1mScanning dependencies of target _robmovil_msgs_generate_messages_check_deps_LandmarkArray[0m
[35m[1mScanning dependencies of target geometry_msgs_generate_messages_nodejs[0m
[35m[1mScanning dependencies of target _robmovil_msgs_generate_messages_check_deps_Landmark[0m
[35m[1mScanning dependencies of target _robmovil_msgs_generate_messages_check_deps_EncoderTicks[0m
[35m[1mScanning dependencies of target _robmovil_msgs_generate_messages_check_deps_MultiEncoderTicks[0m
[  0%] Built target geometry_msgs_generate_messages_nodejs
[35m[1mScanning dependencies of target std_msgs_generate_messages_nodejs[0m
[  0%] Built target std_msgs_generate_messages_nodejs
[  0%] Built target _robmovil_msgs_generate_messages_check_deps_Landmark
[  0%] Built target _robmovil_msgs_generate_messages_check_deps_MultiEncoderTicks
[35m[1mScanning dependencies of target _robmovil_msgs_generate_messages_check_deps_TrajectoryPoint[0m
[  0%] Built target _robmovil_msgs_generate_messages_check_deps_EncoderTicks
[  0%] Built target _robmovil_msgs_generate_messages_check_deps_Trajectory
[  0%] Built target _robmovil_msgs_generate_messages_check_deps_LandmarkArray
[35m[1mScanning dependencies of target geometry_msgs_generate_messages_lisp[0m
[35m[1mScanning dependencies of target std_msgs_generate_messages_lisp[0m
[35m[1mScanning dependencies of target std_msgs_generate_messages_eus[0m
[35m[1mScanning dependencies of target geometry_msgs_generate_messages_eus[0m
[35m[1mScanning dependencies of target std_msgs_generate_messages_cpp[0m
[  0%] Built target _robmovil_msgs_generate_messages_check_deps_TrajectoryPoint
[35m[1mScanning dependencies of target geometry_msgs_generate_messages_cpp[0m
[  0%] Built target geometry_msgs_generate_messages_lisp
[  0%] Built target geometry_msgs_generate_messages_eus
[  0%] Built target geometry_msgs_generate_messages_cpp
[  0%] Built target std_msgs_generate_messages_lisp
[  0%] Built target std_msgs_generate_messages_eus
[  0%] Built target std_msgs_generate_messages_cpp
[35m[1mScanning dependencies of target geometry_msgs_generate_messages_py[0m
[35m[1mScanning dependencies of target std_msgs_generate_messages_py[0m
[35m[1mScanning dependencies of target robmovil_msgs_generate_messages_nodejs[0m
[35m[1mScanning dependencies of target robmovil_msgs_generate_messages_lisp[0m
[35m[1mScanning dependencies of target robmovil_msgs_generate_messages_eus[0m
[35m[1mScanning dependencies of target robmovil_msgs_generate_messages_cpp[0m
[  0%] Built target std_msgs_generate_messages_py
[  0%] Built target geometry_msgs_generate_messages_py
[  3%] [34m[1mGenerating Javascript code from robmovil_msgs/Trajectory.msg[0m
[  6%] [34m[1mGenerating Lisp code from robmovil_msgs/Trajectory.msg[0m
[  9%] [34m[1mGenerating EusLisp code from robmovil_msgs/Trajectory.msg[0m
[ 12%] [34m[1mGenerating C++ code from robmovil_msgs/Trajectory.msg[0m
[ 15%] [34m[1mGenerating C++ code from robmovil_msgs/MultiEncoderTicks.msg[0m
[ 18%] [34m[1mGenerating Lisp code from robmovil_msgs/MultiEncoderTicks.msg[0m
[ 21%] [34m[1mGenerating EusLisp code from robmovil_msgs/MultiEncoderTicks.msg[0m
[ 25%] [34m[1mGenerating Javascript code from robmovil_msgs/MultiEncoderTicks.msg[0m
[ 28%] [34m[1mGenerating Lisp code from robmovil_msgs/LandmarkArray.msg[0m
[ 31%] [34m[1mGenerating Javascript code from robmovil_msgs/LandmarkArray.msg[0m
[ 34%] [34m[1mGenerating Javascript code from robmovil_msgs/EncoderTicks.msg[0m
[ 37%] [34m[1mGenerating Lisp code from robmovil_msgs/EncoderTicks.msg[0m
[ 40%] [34m[1mGenerating Lisp code from robmovil_msgs/TrajectoryPoint.msg[0m
[ 43%] [34m[1mGenerating C++ code from robmovil_msgs/LandmarkArray.msg[0m
[ 46%] [34m[1mGenerating C++ code from robmovil_msgs/EncoderTicks.msg[0m
[ 50%] [34m[1mGenerating EusLisp code from robmovil_msgs/LandmarkArray.msg[0m
[ 53%] [34m[1mGenerating Javascript code from robmovil_msgs/TrajectoryPoint.msg[0m
[35m[1mScanning dependencies of target robmovil_msgs_generate_messages_py[0m
[ 56%] [34m[1mGenerating Python from MSG robmovil_msgs/Trajectory[0m
[ 59%] [34m[1mGenerating EusLisp code from robmovil_msgs/EncoderTicks.msg[0m
[ 62%] [34m[1mGenerating EusLisp code from robmovil_msgs/TrajectoryPoint.msg[0m
[ 65%] [34m[1mGenerating EusLisp code from robmovil_msgs/Landmark.msg[0m
[ 68%] [34m[1mGenerating C++ code from robmovil_msgs/TrajectoryPoint.msg[0m
[ 71%] [34m[1mGenerating Python from MSG robmovil_msgs/MultiEncoderTicks[0m
[ 75%] [34m[1mGenerating Python from MSG robmovil_msgs/LandmarkArray[0m
[ 78%] [34m[1mGenerating EusLisp manifest code for robmovil_msgs[0m
[ 81%] [34m[1mGenerating C++ code from robmovil_msgs/Landmark.msg[0m
[ 84%] [34m[1mGenerating Javascript code from robmovil_msgs/Landmark.msg[0m
[ 87%] [34m[1mGenerating Python from MSG robmovil_msgs/EncoderTicks[0m
[ 87%] Built target robmovil_msgs_generate_messages_cpp
[ 90%] [34m[1mGenerating Python from MSG robmovil_msgs/TrajectoryPoint[0m
[ 93%] [34m[1mGenerating Lisp code from robmovil_msgs/Landmark.msg[0m
[ 96%] [34m[1mGenerating Python from MSG robmovil_msgs/Landmark[0m
[100%] [34m[1mGenerating Python msg __init__.py for robmovil_msgs[0m
[100%] Built target robmovil_msgs_generate_messages_py
[100%] Built target robmovil_msgs_generate_messages_lisp
[100%] Built target robmovil_msgs_generate_messages_eus
[100%] Built target robmovil_msgs_generate_messages_nodejs
[35m[1mScanning dependencies of target robmovil_msgs_generate_messages[0m
[100%] Built target robmovil_msgs_generate_messages
