Symlinking /home/juan/catkin_ws/devel/share/robmovil_msgs/cmake/robmovil_msgs-msg-paths.cmake
Symlinking /home/juan/catkin_ws/devel/share/robmovil_msgs/cmake/robmovil_msgs-msg-extras.cmake
Symlinking /home/juan/catkin_ws/devel/share/robmovil_msgs/cmake/robmovil_msgsConfig.cmake
Symlinking /home/juan/catkin_ws/devel/share/robmovil_msgs/cmake/robmovil_msgsConfig-version.cmake
Symlinking /home/juan/catkin_ws/devel/share/gennodejs/ros/robmovil_msgs/_index.js
Symlinking /home/juan/catkin_ws/devel/share/gennodejs/ros/robmovil_msgs/msg/_index.js
Symlinking /home/juan/catkin_ws/devel/share/gennodejs/ros/robmovil_msgs/msg/TrajectoryPoint.js
Symlinking /home/juan/catkin_ws/devel/share/gennodejs/ros/robmovil_msgs/msg/EncoderTicks.js
Symlinking /home/juan/catkin_ws/devel/share/gennodejs/ros/robmovil_msgs/msg/Landmark.js
Symlinking /home/juan/catkin_ws/devel/share/gennodejs/ros/robmovil_msgs/msg/LandmarkArray.js
Symlinking /home/juan/catkin_ws/devel/share/gennodejs/ros/robmovil_msgs/msg/Trajectory.js
Symlinking /home/juan/catkin_ws/devel/share/gennodejs/ros/robmovil_msgs/msg/MultiEncoderTicks.js
Symlinking /home/juan/catkin_ws/devel/share/common-lisp/ros/robmovil_msgs/msg/_package_MultiEncoderTicks.lisp
Symlinking /home/juan/catkin_ws/devel/share/common-lisp/ros/robmovil_msgs/msg/_package_TrajectoryPoint.lisp
Symlinking /home/juan/catkin_ws/devel/share/common-lisp/ros/robmovil_msgs/msg/robmovil_msgs-msg.asd
Symlinking /home/juan/catkin_ws/devel/share/common-lisp/ros/robmovil_msgs/msg/EncoderTicks.lisp
Symlinking /home/juan/catkin_ws/devel/share/common-lisp/ros/robmovil_msgs/msg/TrajectoryPoint.lisp
Symlinking /home/juan/catkin_ws/devel/share/common-lisp/ros/robmovil_msgs/msg/Trajectory.lisp
Symlinking /home/juan/catkin_ws/devel/share/common-lisp/ros/robmovil_msgs/msg/_package_EncoderTicks.lisp
Symlinking /home/juan/catkin_ws/devel/share/common-lisp/ros/robmovil_msgs/msg/_package_LandmarkArray.lisp
Symlinking /home/juan/catkin_ws/devel/share/common-lisp/ros/robmovil_msgs/msg/MultiEncoderTicks.lisp
Symlinking /home/juan/catkin_ws/devel/share/common-lisp/ros/robmovil_msgs/msg/_package_Landmark.lisp
Symlinking /home/juan/catkin_ws/devel/share/common-lisp/ros/robmovil_msgs/msg/LandmarkArray.lisp
Symlinking /home/juan/catkin_ws/devel/share/common-lisp/ros/robmovil_msgs/msg/_package.lisp
Symlinking /home/juan/catkin_ws/devel/share/common-lisp/ros/robmovil_msgs/msg/_package_Trajectory.lisp
Symlinking /home/juan/catkin_ws/devel/share/common-lisp/ros/robmovil_msgs/msg/Landmark.lisp
Symlinking /home/juan/catkin_ws/devel/share/roseus/ros/robmovil_msgs/manifest.l
Symlinking /home/juan/catkin_ws/devel/share/roseus/ros/robmovil_msgs/msg/Trajectory.l
Symlinking /home/juan/catkin_ws/devel/share/roseus/ros/robmovil_msgs/msg/TrajectoryPoint.l
Symlinking /home/juan/catkin_ws/devel/share/roseus/ros/robmovil_msgs/msg/EncoderTicks.l
Symlinking /home/juan/catkin_ws/devel/share/roseus/ros/robmovil_msgs/msg/LandmarkArray.l
Symlinking /home/juan/catkin_ws/devel/share/roseus/ros/robmovil_msgs/msg/Landmark.l
Symlinking /home/juan/catkin_ws/devel/share/roseus/ros/robmovil_msgs/msg/MultiEncoderTicks.l
Symlinking /home/juan/catkin_ws/devel/lib/pkgconfig/robmovil_msgs.pc
Symlinking /home/juan/catkin_ws/devel/lib/python2.7/dist-packages/robmovil_msgs/__init__.py
Symlinking /home/juan/catkin_ws/devel/lib/python2.7/dist-packages/robmovil_msgs/msg/_Trajectory.py
Symlinking /home/juan/catkin_ws/devel/lib/python2.7/dist-packages/robmovil_msgs/msg/_Landmark.py
Symlinking /home/juan/catkin_ws/devel/lib/python2.7/dist-packages/robmovil_msgs/msg/_MultiEncoderTicks.py
Symlinking /home/juan/catkin_ws/devel/lib/python2.7/dist-packages/robmovil_msgs/msg/__init__.py
Symlinking /home/juan/catkin_ws/devel/lib/python2.7/dist-packages/robmovil_msgs/msg/_EncoderTicks.py
Symlinking /home/juan/catkin_ws/devel/lib/python2.7/dist-packages/robmovil_msgs/msg/_TrajectoryPoint.py
Symlinking /home/juan/catkin_ws/devel/lib/python2.7/dist-packages/robmovil_msgs/msg/_LandmarkArray.py
Symlinking /home/juan/catkin_ws/devel/include/robmovil_msgs/MultiEncoderTicks.h
Symlinking /home/juan/catkin_ws/devel/include/robmovil_msgs/LandmarkArray.h
Symlinking /home/juan/catkin_ws/devel/include/robmovil_msgs/EncoderTicks.h
Symlinking /home/juan/catkin_ws/devel/include/robmovil_msgs/Trajectory.h
Symlinking /home/juan/catkin_ws/devel/include/robmovil_msgs/Landmark.h
Symlinking /home/juan/catkin_ws/devel/include/robmovil_msgs/TrajectoryPoint.h
