Determining if the pthread_create exist failed with the following output:
Change Dir: /home/juan/catkin_ws/build/universal_teleop/CMakeFiles/CMakeTmp

Run Build Command:"/usr/bin/make" "cmTC_bed13/fast"
/usr/bin/make -f CMakeFiles/cmTC_bed13.dir/build.make CMakeFiles/cmTC_bed13.dir/build
make[1]: Entering directory '/home/juan/catkin_ws/build/universal_teleop/CMakeFiles/CMakeTmp'
Building C object CMakeFiles/cmTC_bed13.dir/CheckSymbolExists.c.o
/usr/bin/cc     -o CMakeFiles/cmTC_bed13.dir/CheckSymbolExists.c.o   -c /home/juan/catkin_ws/build/universal_teleop/CMakeFiles/CMakeTmp/CheckSymbolExists.c
Linking C executable cmTC_bed13
/usr/bin/cmake -E cmake_link_script CMakeFiles/cmTC_bed13.dir/link.txt --verbose=1
/usr/bin/cc       CMakeFiles/cmTC_bed13.dir/CheckSymbolExists.c.o  -o cmTC_bed13 -rdynamic 
CMakeFiles/cmTC_bed13.dir/CheckSymbolExists.c.o: In function `main':
CheckSymbolExists.c:(.text+0x16): undefined reference to `pthread_create'
collect2: error: ld returned 1 exit status
CMakeFiles/cmTC_bed13.dir/build.make:97: recipe for target 'cmTC_bed13' failed
make[1]: *** [cmTC_bed13] Error 1
make[1]: Leaving directory '/home/juan/catkin_ws/build/universal_teleop/CMakeFiles/CMakeTmp'
Makefile:126: recipe for target 'cmTC_bed13/fast' failed
make: *** [cmTC_bed13/fast] Error 2

File /home/juan/catkin_ws/build/universal_teleop/CMakeFiles/CMakeTmp/CheckSymbolExists.c:
/* */
#include <pthread.h>

int main(int argc, char** argv)
{
  (void)argv;
#ifndef pthread_create
  return ((int*)(&pthread_create))[argc];
#else
  (void)argc;
  return 0;
#endif
}

Determining if the function pthread_create exists in the pthreads failed with the following output:
Change Dir: /home/juan/catkin_ws/build/universal_teleop/CMakeFiles/CMakeTmp

Run Build Command:"/usr/bin/make" "cmTC_39769/fast"
/usr/bin/make -f CMakeFiles/cmTC_39769.dir/build.make CMakeFiles/cmTC_39769.dir/build
make[1]: Entering directory '/home/juan/catkin_ws/build/universal_teleop/CMakeFiles/CMakeTmp'
Building C object CMakeFiles/cmTC_39769.dir/CheckFunctionExists.c.o
/usr/bin/cc    -DCHECK_FUNCTION_EXISTS=pthread_create   -o CMakeFiles/cmTC_39769.dir/CheckFunctionExists.c.o   -c /usr/share/cmake-3.5/Modules/CheckFunctionExists.c
Linking C executable cmTC_39769
/usr/bin/cmake -E cmake_link_script CMakeFiles/cmTC_39769.dir/link.txt --verbose=1
/usr/bin/cc   -DCHECK_FUNCTION_EXISTS=pthread_create    CMakeFiles/cmTC_39769.dir/CheckFunctionExists.c.o  -o cmTC_39769 -rdynamic -lpthreads 
/usr/bin/ld: cannot find -lpthreads
collect2: error: ld returned 1 exit status
CMakeFiles/cmTC_39769.dir/build.make:97: recipe for target 'cmTC_39769' failed
make[1]: *** [cmTC_39769] Error 1
make[1]: Leaving directory '/home/juan/catkin_ws/build/universal_teleop/CMakeFiles/CMakeTmp'
Makefile:126: recipe for target 'cmTC_39769/fast' failed
make: *** [cmTC_39769/fast] Error 2


