Determining if the pthread_create exist failed with the following output:
Change Dir: /home/juan/catkin_ws/build/joy/CMakeFiles/CMakeTmp

Run Build Command:"/usr/bin/make" "cmTC_20e65/fast"
/usr/bin/make -f CMakeFiles/cmTC_20e65.dir/build.make CMakeFiles/cmTC_20e65.dir/build
make[1]: Entering directory '/home/juan/catkin_ws/build/joy/CMakeFiles/CMakeTmp'
Building C object CMakeFiles/cmTC_20e65.dir/CheckSymbolExists.c.o
/usr/bin/cc     -o CMakeFiles/cmTC_20e65.dir/CheckSymbolExists.c.o   -c /home/juan/catkin_ws/build/joy/CMakeFiles/CMakeTmp/CheckSymbolExists.c
Linking C executable cmTC_20e65
/usr/bin/cmake -E cmake_link_script CMakeFiles/cmTC_20e65.dir/link.txt --verbose=1
/usr/bin/cc       CMakeFiles/cmTC_20e65.dir/CheckSymbolExists.c.o  -o cmTC_20e65 -rdynamic 
CMakeFiles/cmTC_20e65.dir/CheckSymbolExists.c.o: In function `main':
CheckSymbolExists.c:(.text+0x16): undefined reference to `pthread_create'
collect2: error: ld returned 1 exit status
CMakeFiles/cmTC_20e65.dir/build.make:97: recipe for target 'cmTC_20e65' failed
make[1]: *** [cmTC_20e65] Error 1
make[1]: Leaving directory '/home/juan/catkin_ws/build/joy/CMakeFiles/CMakeTmp'
Makefile:126: recipe for target 'cmTC_20e65/fast' failed
make: *** [cmTC_20e65/fast] Error 2

File /home/juan/catkin_ws/build/joy/CMakeFiles/CMakeTmp/CheckSymbolExists.c:
/* */
#include <pthread.h>

int main(int argc, char** argv)
{
  (void)argv;
#ifndef pthread_create
  return ((int*)(&pthread_create))[argc];
#else
  (void)argc;
  return 0;
#endif
}

Determining if the function pthread_create exists in the pthreads failed with the following output:
Change Dir: /home/juan/catkin_ws/build/joy/CMakeFiles/CMakeTmp

Run Build Command:"/usr/bin/make" "cmTC_019fd/fast"
/usr/bin/make -f CMakeFiles/cmTC_019fd.dir/build.make CMakeFiles/cmTC_019fd.dir/build
make[1]: Entering directory '/home/juan/catkin_ws/build/joy/CMakeFiles/CMakeTmp'
Building C object CMakeFiles/cmTC_019fd.dir/CheckFunctionExists.c.o
/usr/bin/cc    -DCHECK_FUNCTION_EXISTS=pthread_create   -o CMakeFiles/cmTC_019fd.dir/CheckFunctionExists.c.o   -c /usr/share/cmake-3.5/Modules/CheckFunctionExists.c
Linking C executable cmTC_019fd
/usr/bin/cmake -E cmake_link_script CMakeFiles/cmTC_019fd.dir/link.txt --verbose=1
/usr/bin/cc   -DCHECK_FUNCTION_EXISTS=pthread_create    CMakeFiles/cmTC_019fd.dir/CheckFunctionExists.c.o  -o cmTC_019fd -rdynamic -lpthreads 
/usr/bin/ld: cannot find -lpthreads
collect2: error: ld returned 1 exit status
CMakeFiles/cmTC_019fd.dir/build.make:97: recipe for target 'cmTC_019fd' failed
make[1]: *** [cmTC_019fd] Error 1
make[1]: Leaving directory '/home/juan/catkin_ws/build/joy/CMakeFiles/CMakeTmp'
Makefile:126: recipe for target 'cmTC_019fd/fast' failed
make: *** [cmTC_019fd/fast] Error 2


