Determining if the pthread_create exist failed with the following output:
Change Dir: /home/juan/catkin_ws/build/robmovil_ekf/CMakeFiles/CMakeTmp

Run Build Command:"/usr/bin/make" "cmTC_c1949/fast"
/usr/bin/make -f CMakeFiles/cmTC_c1949.dir/build.make CMakeFiles/cmTC_c1949.dir/build
make[1]: Entering directory '/home/juan/catkin_ws/build/robmovil_ekf/CMakeFiles/CMakeTmp'
Building C object CMakeFiles/cmTC_c1949.dir/CheckSymbolExists.c.o
/usr/bin/cc     -o CMakeFiles/cmTC_c1949.dir/CheckSymbolExists.c.o   -c /home/juan/catkin_ws/build/robmovil_ekf/CMakeFiles/CMakeTmp/CheckSymbolExists.c
Linking C executable cmTC_c1949
/usr/bin/cmake -E cmake_link_script CMakeFiles/cmTC_c1949.dir/link.txt --verbose=1
/usr/bin/cc       CMakeFiles/cmTC_c1949.dir/CheckSymbolExists.c.o  -o cmTC_c1949 -rdynamic 
CMakeFiles/cmTC_c1949.dir/CheckSymbolExists.c.o: In function `main':
CheckSymbolExists.c:(.text+0x16): undefined reference to `pthread_create'
collect2: error: ld returned 1 exit status
CMakeFiles/cmTC_c1949.dir/build.make:97: recipe for target 'cmTC_c1949' failed
make[1]: *** [cmTC_c1949] Error 1
make[1]: Leaving directory '/home/juan/catkin_ws/build/robmovil_ekf/CMakeFiles/CMakeTmp'
Makefile:126: recipe for target 'cmTC_c1949/fast' failed
make: *** [cmTC_c1949/fast] Error 2

File /home/juan/catkin_ws/build/robmovil_ekf/CMakeFiles/CMakeTmp/CheckSymbolExists.c:
/* */
#include <pthread.h>

int main(int argc, char** argv)
{
  (void)argv;
#ifndef pthread_create
  return ((int*)(&pthread_create))[argc];
#else
  (void)argc;
  return 0;
#endif
}

Determining if the function pthread_create exists in the pthreads failed with the following output:
Change Dir: /home/juan/catkin_ws/build/robmovil_ekf/CMakeFiles/CMakeTmp

Run Build Command:"/usr/bin/make" "cmTC_f8bbf/fast"
/usr/bin/make -f CMakeFiles/cmTC_f8bbf.dir/build.make CMakeFiles/cmTC_f8bbf.dir/build
make[1]: Entering directory '/home/juan/catkin_ws/build/robmovil_ekf/CMakeFiles/CMakeTmp'
Building C object CMakeFiles/cmTC_f8bbf.dir/CheckFunctionExists.c.o
/usr/bin/cc    -DCHECK_FUNCTION_EXISTS=pthread_create   -o CMakeFiles/cmTC_f8bbf.dir/CheckFunctionExists.c.o   -c /usr/share/cmake-3.5/Modules/CheckFunctionExists.c
Linking C executable cmTC_f8bbf
/usr/bin/cmake -E cmake_link_script CMakeFiles/cmTC_f8bbf.dir/link.txt --verbose=1
/usr/bin/cc   -DCHECK_FUNCTION_EXISTS=pthread_create    CMakeFiles/cmTC_f8bbf.dir/CheckFunctionExists.c.o  -o cmTC_f8bbf -rdynamic -lpthreads 
/usr/bin/ld: cannot find -lpthreads
collect2: error: ld returned 1 exit status
CMakeFiles/cmTC_f8bbf.dir/build.make:97: recipe for target 'cmTC_f8bbf' failed
make[1]: *** [cmTC_f8bbf] Error 1
make[1]: Leaving directory '/home/juan/catkin_ws/build/robmovil_ekf/CMakeFiles/CMakeTmp'
Makefile:126: recipe for target 'cmTC_f8bbf/fast' failed
make: *** [cmTC_f8bbf/fast] Error 2


