Determining if the pthread_create exist failed with the following output:
Change Dir: /home/juan/catkin_ws/build/vrep_util/CMakeFiles/CMakeTmp

Run Build Command:"/usr/bin/make" "cmTC_30286/fast"
/usr/bin/make -f CMakeFiles/cmTC_30286.dir/build.make CMakeFiles/cmTC_30286.dir/build
make[1]: Entering directory '/home/juan/catkin_ws/build/vrep_util/CMakeFiles/CMakeTmp'
Building C object CMakeFiles/cmTC_30286.dir/CheckSymbolExists.c.o
/usr/bin/cc     -o CMakeFiles/cmTC_30286.dir/CheckSymbolExists.c.o   -c /home/juan/catkin_ws/build/vrep_util/CMakeFiles/CMakeTmp/CheckSymbolExists.c
Linking C executable cmTC_30286
/usr/bin/cmake -E cmake_link_script CMakeFiles/cmTC_30286.dir/link.txt --verbose=1
/usr/bin/cc       CMakeFiles/cmTC_30286.dir/CheckSymbolExists.c.o  -o cmTC_30286 -rdynamic 
CMakeFiles/cmTC_30286.dir/CheckSymbolExists.c.o: In function `main':
CheckSymbolExists.c:(.text+0x16): undefined reference to `pthread_create'
collect2: error: ld returned 1 exit status
CMakeFiles/cmTC_30286.dir/build.make:97: recipe for target 'cmTC_30286' failed
make[1]: *** [cmTC_30286] Error 1
make[1]: Leaving directory '/home/juan/catkin_ws/build/vrep_util/CMakeFiles/CMakeTmp'
Makefile:126: recipe for target 'cmTC_30286/fast' failed
make: *** [cmTC_30286/fast] Error 2

File /home/juan/catkin_ws/build/vrep_util/CMakeFiles/CMakeTmp/CheckSymbolExists.c:
/* */
#include <pthread.h>

int main(int argc, char** argv)
{
  (void)argv;
#ifndef pthread_create
  return ((int*)(&pthread_create))[argc];
#else
  (void)argc;
  return 0;
#endif
}

Determining if the function pthread_create exists in the pthreads failed with the following output:
Change Dir: /home/juan/catkin_ws/build/vrep_util/CMakeFiles/CMakeTmp

Run Build Command:"/usr/bin/make" "cmTC_9d62a/fast"
/usr/bin/make -f CMakeFiles/cmTC_9d62a.dir/build.make CMakeFiles/cmTC_9d62a.dir/build
make[1]: Entering directory '/home/juan/catkin_ws/build/vrep_util/CMakeFiles/CMakeTmp'
Building C object CMakeFiles/cmTC_9d62a.dir/CheckFunctionExists.c.o
/usr/bin/cc    -DCHECK_FUNCTION_EXISTS=pthread_create   -o CMakeFiles/cmTC_9d62a.dir/CheckFunctionExists.c.o   -c /usr/share/cmake-3.5/Modules/CheckFunctionExists.c
Linking C executable cmTC_9d62a
/usr/bin/cmake -E cmake_link_script CMakeFiles/cmTC_9d62a.dir/link.txt --verbose=1
/usr/bin/cc   -DCHECK_FUNCTION_EXISTS=pthread_create    CMakeFiles/cmTC_9d62a.dir/CheckFunctionExists.c.o  -o cmTC_9d62a -rdynamic -lpthreads 
/usr/bin/ld: cannot find -lpthreads
collect2: error: ld returned 1 exit status
CMakeFiles/cmTC_9d62a.dir/build.make:97: recipe for target 'cmTC_9d62a' failed
make[1]: *** [cmTC_9d62a] Error 1
make[1]: Leaving directory '/home/juan/catkin_ws/build/vrep_util/CMakeFiles/CMakeTmp'
Makefile:126: recipe for target 'cmTC_9d62a/fast' failed
make: *** [cmTC_9d62a/fast] Error 2


