[01m[K/home/juan/catkin_ws/src/lazo_cerrado/src/KinematicPositionController.cpp:[m[K In member function ‘[01m[Kvoid KinematicPositionController::getGroundTruthPoseAndVel(const ros::Time&)[m[K’:
[01m[K/home/juan/catkin_ws/src/lazo_cerrado/src/KinematicPositionController.cpp:90:12:[m[K [01;31m[Kerror: [m[Kreturn-statement with a value, in function returning 'void' [-fpermissive]
     return false;
[01;32m[K            ^[m[K
[01m[K/home/juan/catkin_ws/src/lazo_cerrado/src/KinematicPositionController.cpp:92:3:[m[K [01;31m[Kerror: [m[K‘[01m[Kx[m[K’ was not declared in this scope
   x = odom_to_robot_ekf.getOrigin().getX();
[01;32m[K   ^[m[K
[01m[K/home/juan/catkin_ws/src/lazo_cerrado/src/KinematicPositionController.cpp:93:3:[m[K [01;31m[Kerror: [m[K‘[01m[Ky[m[K’ was not declared in this scope
   y = odom_to_robot_ekf.getOrigin().getY();
[01;32m[K   ^[m[K
[01m[K/home/juan/catkin_ws/src/lazo_cerrado/src/KinematicPositionController.cpp:[m[K At global scope:
[01m[K/home/juan/catkin_ws/src/lazo_cerrado/src/KinematicPositionController.cpp:117:6:[m[K [01;31m[Kerror: [m[Kredefinition of ‘[01m[Kvoid KinematicPositionController::getGroundTruthPoseAndVel(const ros::Time&)[m[K’
 void KinematicPositionController::getGroundTruthPoseAndVel(const ros::Time& t)
[01;32m[K      ^[m[K
[01m[K/home/juan/catkin_ws/src/lazo_cerrado/src/KinematicPositionController.cpp:86:6:[m[K [01;36m[Knote: [m[K‘[01m[Kvoid KinematicPositionController::getGroundTruthPoseAndVel(const ros::Time&)[m[K’ previously defined here
 void KinematicPositionController::getGroundTruthPoseAndVel(const ros::Time& t)
[01;32m[K      ^[m[K
[01m[K/home/juan/catkin_ws/src/lazo_cerrado/src/KinematicPositionController.cpp:[m[K In member function ‘[01m[Kbool KinematicPositionController::getPursuitBasedGoal(const ros::Time&, double&, double&, double&)[m[K’:
[01m[K/home/juan/catkin_ws/src/lazo_cerrado/src/KinematicPositionController.cpp:196:12:[m[K [01;35m[Kwarning: [m[Kunused variable ‘[01m[Kwpoint_a[m[K’ [-Wunused-variable]
     double wpoint_a = tf2::getYaw(wpoint.transform.rotation);
[01;32m[K            ^[m[K
make[2]: *** [CMakeFiles/trajectory_follower.dir/src/KinematicPositionController.cpp.o] Error 1
make[1]: *** [CMakeFiles/trajectory_follower.dir/all] Error 2
make: *** [all] Error 2
