In file included from [01m[K/home/juan/catkin_ws/src/lazo_cerrado/src/KinematicPositionController.cpp:2:0[m[K:
[01m[K/home/juan/catkin_ws/src/lazo_cerrado/src/KinematicPositionController.h:31:20:[m[K [01;31m[Kerror: [m[Kexpected ‘[01m[K;[m[K’ at end of member declaration
     ros::Publisher base_link_ekf_position_pub
[01;32m[K                    ^[m[K
In file included from [01m[K/home/juan/catkin_ws/src/lazo_cerrado/src/kinematic_position_controller_node.cpp:2:0[m[K:
[01m[K/home/juan/catkin_ws/src/lazo_cerrado/src/KinematicPositionController.h:31:20:[m[K [01;31m[Kerror: [m[Kexpected ‘[01m[K;[m[K’ at end of member declaration
     ros::Publisher base_link_ekf_position_pub
[01;32m[K                    ^[m[K
[01m[K/home/juan/catkin_ws/src/lazo_cerrado/src/KinematicPositionController.cpp:[m[K In member function ‘[01m[Kvoid KinematicPositionController::getGroundTruthPoseAndVel(const ros::Time&)[m[K’:
[01m[K/home/juan/catkin_ws/src/lazo_cerrado/src/KinematicPositionController.cpp:89:70:[m[K [01;31m[Kerror: [m[K‘[01m[Kodom_to_robot_ekf[m[K’ was not declared in this scope
   if (not lookupTransformSafe(tfBuffer_, "odom", "base_link_ekf", t, odom_to_robot_ekf))
[01;32m[K                                                                      ^[m[K
[01m[K/home/juan/catkin_ws/src/lazo_cerrado/src/KinematicPositionController.cpp:90:12:[m[K [01;31m[Kerror: [m[Kreturn-statement with a value, in function returning 'void' [-fpermissive]
     return false;
[01;32m[K            ^[m[K
[01m[K/home/juan/catkin_ws/src/lazo_cerrado/src/KinematicPositionController.cpp:92:3:[m[K [01;31m[Kerror: [m[K‘[01m[Kx[m[K’ was not declared in this scope
   x = odom_to_robot_ekf.getOrigin().getX();
[01;32m[K   ^[m[K
[01m[K/home/juan/catkin_ws/src/lazo_cerrado/src/KinematicPositionController.cpp:92:7:[m[K [01;31m[Kerror: [m[K‘[01m[Kodom_to_robot_ekf[m[K’ was not declared in this scope
   x = odom_to_robot_ekf.getOrigin().getX();
[01;32m[K       ^[m[K
[01m[K/home/juan/catkin_ws/src/lazo_cerrado/src/KinematicPositionController.cpp:93:3:[m[K [01;31m[Kerror: [m[K‘[01m[Ky[m[K’ was not declared in this scope
   y = odom_to_robot_ekf.getOrigin().getY();
[01;32m[K   ^[m[K
[01m[K/home/juan/catkin_ws/src/lazo_cerrado/src/KinematicPositionController.cpp:[m[K At global scope:
[01m[K/home/juan/catkin_ws/src/lazo_cerrado/src/KinematicPositionController.cpp:117:6:[m[K [01;31m[Kerror: [m[Kredefinition of ‘[01m[Kvoid KinematicPositionController::getGroundTruthPoseAndVel(const ros::Time&)[m[K’
 void KinematicPositionController::getGroundTruthPoseAndVel(const ros::Time& t)
[01;32m[K      ^[m[K
[01m[K/home/juan/catkin_ws/src/lazo_cerrado/src/KinematicPositionController.cpp:86:6:[m[K [01;36m[Knote: [m[K‘[01m[Kvoid KinematicPositionController::getGroundTruthPoseAndVel(const ros::Time&)[m[K’ previously defined here
 void KinematicPositionController::getGroundTruthPoseAndVel(const ros::Time& t)
[01;32m[K      ^[m[K
[01m[K/home/juan/catkin_ws/src/lazo_cerrado/src/KinematicPositionController.cpp:[m[K In member function ‘[01m[Kbool KinematicPositionController::getPursuitBasedGoal(const ros::Time&, double&, double&, double&)[m[K’:
[01m[K/home/juan/catkin_ws/src/lazo_cerrado/src/KinematicPositionController.cpp:196:12:[m[K [01;35m[Kwarning: [m[Kunused variable ‘[01m[Kwpoint_a[m[K’ [-Wunused-variable]
     double wpoint_a = tf2::getYaw(wpoint.transform.rotation);
[01;32m[K            ^[m[K
make[2]: *** [CMakeFiles/trajectory_follower.dir/src/kinematic_position_controller_node.cpp.o] Error 1
make[2]: *** Waiting for unfinished jobs....
make[2]: *** [CMakeFiles/trajectory_follower.dir/src/KinematicPositionController.cpp.o] Error 1
make[1]: *** [CMakeFiles/trajectory_follower.dir/all] Error 2
make: *** [all] Error 2
